<?xml version="1.0" encoding="UTF-8"?>
<!-- Generated by org.testng.reporters.JUnitReportReporter -->
<testsuite hostname="HIBAWL64263" name="com.Tests.VerifyAccountValidation" tests="1" failures="0" timestamp="26 May 2019 03:06:33 GMT" time="461.891" errors="0">
  <testcase name="verifyAccountvalidation" time="461.891" classname="com.Tests.VerifyAccountValidation"/>
</testsuite> <!-- com.Tests.VerifyAccountValidation -->
